<?xml version="1.0" encoding="UTF-8"?>
<testsuite name="be.doji.productivity.trambu.zulma.features.steps.GeneralSteps" tests="3" skipped="1" failures="1" errors="0" timestamp="2019-06-05T12:30:05" hostname="Raiko" time="4.434">
  <properties/>
  <testcase name="When opening TRAMBU" classname="be.doji.productivity.trambu.zulma.features.steps.GeneralSteps" time="3.875">
    <failure message="java.lang.AssertionError: Error during test: {}" type="java.lang.AssertionError">java.lang.AssertionError: Error during test: {}
	at be.doji.productivity.trambu.zulma.features.steps.GeneralSteps.openTrambu(GeneralSteps.java:26)
	at sun.reflect.NativeMethodAccessorImpl.invoke0(Native Method)
	at sun.reflect.NativeMethodAccessorImpl.invoke(NativeMethodAccessorImpl.java:62)
	at sun.reflect.DelegatingMethodAccessorImpl.invoke(DelegatingMethodAccessorImpl.java:43)
	at java.lang.reflect.Method.invoke(Method.java:498)
	at org.jbehave.core.steps.StepCreator$ParametrisedStep.perform(StepCreator.java:790)
	at org.jbehave.core.embedder.PerformableTree$FineSoFar.run(PerformableTree.java:349)
	at org.jbehave.core.embedder.PerformableTree$PerformableSteps.perform(PerformableTree.java:1177)
	at org.jbehave.core.embedder.PerformableTree$AbstractPerformableScenario.performRestartableSteps(PerformableTree.java:1038)
	at org.jbehave.core.embedder.PerformableTree$NormalPerformableScenario.perform(PerformableTree.java:1070)
	at org.jbehave.core.embedder.PerformableTree$PerformableScenario.perform(PerformableTree.java:973)
	at org.jbehave.core.embedder.PerformableTree$PerformableStory.performScenarios(PerformableTree.java:860)
	at org.jbehave.core.embedder.PerformableTree$PerformableStory.perform(PerformableTree.java:835)
	at org.jbehave.core.embedder.PerformableTree.performCancellable(PerformableTree.java:417)
	at org.jbehave.core.embedder.PerformableTree.perform(PerformableTree.java:388)
	at org.jbehave.core.embedder.StoryManager$EnqueuedStory.call(StoryManager.java:293)
	at org.jbehave.core.embedder.StoryManager$EnqueuedStory.call(StoryManager.java:266)
	at java.util.concurrent.FutureTask.run(FutureTask.java:266)
	at java.util.concurrent.ThreadPoolExecutor.runWorker(ThreadPoolExecutor.java:1149)
	at java.util.concurrent.ThreadPoolExecutor$Worker.run(ThreadPoolExecutor.java:624)
	at java.lang.Thread.run(Thread.java:748)
</failure>
  </testcase>
  <testcase name="Then TRAMBU logo is visible" classname="be.doji.productivity.trambu.zulma.features.steps.GeneralSteps" time="0.0">
    <skipped/>
  </testcase>
  <testcase name="@AfterScenario" classname="be.doji.productivity.trambu.zulma.features.steps.GeneralSteps" time="0.0"/>
  <system-out><![CDATA[Using timeout for story applicationIsRunning.story of 300 secs.
When opening TRAMBU (FAILED)
(java.lang.AssertionError: Error during test: {})
]]></system-out>
  <system-err><![CDATA[1559737806489	mozrunner::runner	INFO	Running command: "C:\\Program Files\\Mozilla Firefox\\firefox.exe" "-marionette" "-foreground" "-no-remote" "-profile" "C:\\Users\\stijn\\AppData\\Local\\Temp\\rust_mozprofile.7fAQSTQE1aqL"
1559737806788	addons.webextension.screenshots@mozilla.org	WARN	Loading extension 'screenshots@mozilla.org': Reading manifest: Invalid extension permission: mozillaAddons
1559737806789	addons.webextension.screenshots@mozilla.org	WARN	Loading extension 'screenshots@mozilla.org': Reading manifest: Invalid extension permission: resource://pdf.js/
1559737806789	addons.webextension.screenshots@mozilla.org	WARN	Loading extension 'screenshots@mozilla.org': Reading manifest: Invalid extension permission: about:reader*
1559737808015	Marionette	INFO	Listening on port 52188
1559737808103	Marionette	WARN	TLS certificate errors will be ignored for this session
Jun 05, 2019 2:30:08 PM org.openqa.selenium.remote.ProtocolHandshake createSession
INFO: Detected dialect: W3C
]]></system-err>
</testsuite>
